<?xml version="1.0" encoding="UTF-8"?>
<!-- Generated by org.testng.reporters.JUnitReportReporter -->
<testsuite hostname="Sreehari" failures="0" tests="1" name="testng.ActnPgm" time="6.321" errors="0" timestamp="2023-09-21T20:57:07 IST" skipped="0">
  <testcase classname="testng.ActnPgm" name="test1" time="6.321"/>
</testsuite> <!-- testng.ActnPgm -->
