<?xml version="1.0" encoding="UTF-8"?>
<!-- Generated by org.testng.reporters.JUnitReportReporter -->
<testsuite hostname="Sreehari" failures="0" tests="5" name="testng.TestNGdemo" time="0.078" errors="0" timestamp="2023-09-20T13:04:39 IST" skipped="1">
  <testcase classname="testng.TestNGdemo" name="test3" time="0.003"/>
  <testcase classname="testng.TestNGdemo" name="test1" time="0.009"/>
  <testcase classname="testng.TestNGdemo" name="test1" time="0.062"/>
  <testcase classname="testng.TestNGdemo" name="test1" time="0.004"/>
  <testcase classname="testng.TestNGdemo" name="test2">
    <skipped/>
  </testcase> <!-- test2 -->
</testsuite> <!-- testng.TestNGdemo -->
