<?xml version="1.0" encoding="UTF-8"?>
<!-- Generated by org.testng.reporters.JUnitReportReporter -->
<testsuite hostname="Sreehari" failures="0" tests="1" name="testng.Scrolldown" time="11.147" errors="0" timestamp="2023-09-25T21:34:13 IST" skipped="0">
  <testcase classname="testng.Scrolldown" name="screenscroll" time="11.147"/>
</testsuite> <!-- testng.Scrolldown -->
