<?xml version="1.0" encoding="UTF-8"?>
<!-- Generated by org.testng.reporters.JUnitReportReporter -->
<testsuite hostname="Sreehari" failures="0" tests="1" name="testng.parametertest" time="0.011" errors="0" timestamp="2023-09-21T19:01:57 IST" skipped="0">
  <testcase classname="testng.parametertest" name="main" time="0.011"/>
</testsuite> <!-- testng.parametertest -->
