<?xml version="1.0" encoding="UTF-8"?>
<!-- Generated by org.testng.reporters.JUnitReportReporter -->
<testsuite hostname="Sreehari" failures="0" tests="1" name="testng.DragnDrop" time="24.077" errors="0" timestamp="2023-09-24T18:19:49 IST" skipped="0">
  <testcase classname="testng.DragnDrop" name="drgndrp" time="24.077"/>
</testsuite> <!-- testng.DragnDrop -->
