<?xml version="1.0" encoding="UTF-8"?>
<!-- Generated by org.testng.reporters.JUnitReportReporter -->
<testsuite hostname="Sreehari" failures="0" tests="1" name="testng.FileUpload" time="20.900" errors="0" timestamp="2023-09-25T22:08:55 IST" skipped="0">
  <testcase classname="testng.FileUpload" name="test1" time="20.900"/>
</testsuite> <!-- testng.FileUpload -->
