<?xml version="1.0" encoding="UTF-8"?>
<!-- Generated by org.testng.reporters.JUnitReportReporter -->
<testsuite hostname="Sreehari" failures="0" tests="1" name="testng.WindowHandling" time="33.473" errors="0" timestamp="2023-09-27T10:30:17 IST" skipped="0">
  <testcase classname="testng.WindowHandling" name="window" time="33.473"/>
</testsuite> <!-- testng.WindowHandling -->
