<?xml version="1.0" encoding="UTF-8"?>
<!-- Generated by org.testng.reporters.JUnitReportReporter -->
<testsuite hostname="Sreehari" failures="0" tests="1" name="testng.DatePick" time="33.863" errors="0" timestamp="2023-10-04T19:03:07 IST" skipped="0">
  <testcase classname="testng.DatePick" name="testlogin" time="33.863"/>
</testsuite> <!-- testng.DatePick -->
