<?xml version="1.0" encoding="UTF-8"?>
<!-- Generated by org.testng.reporters.JUnitReportReporter -->
<testsuite hostname="Sreehari" failures="0" tests="1" name="test.BlazeDemotest" time="11.418" errors="0" timestamp="2023-10-05T18:51:14 IST" skipped="0">
  <testcase classname="test.BlazeDemotest" name="testregister" time="11.418"/>
</testsuite> <!-- test.BlazeDemotest -->
