<?xml version="1.0" encoding="UTF-8"?>
<!-- Generated by org.testng.reporters.JUnitReportReporter -->
<testsuite hostname="Sreehari" failures="0" tests="1" name="testng.ActDemoPgm" time="38.179" errors="0" timestamp="2023-09-21T22:01:02 IST" skipped="0">
  <testcase classname="testng.ActDemoPgm" name="test1" time="38.179"/>
</testsuite> <!-- testng.ActDemoPgm -->
