<?xml version="1.0" encoding="UTF-8"?>
<!-- Generated by org.testng.reporters.JUnitReportReporter -->
<testsuite hostname="Sreehari" failures="0" tests="1" name="testng.FileupSendkeys" time="22.484" errors="0" timestamp="2023-09-25T21:49:09 IST" skipped="0">
  <testcase classname="testng.FileupSendkeys" name="test1" time="22.484"/>
</testsuite> <!-- testng.FileupSendkeys -->
