<?xml version="1.0" encoding="UTF-8"?>
<!-- Generated by org.testng.reporters.JUnitReportReporter -->
<testsuite hostname="Sreehari" failures="0" tests="1" name="pkg.PracticeTestAutomation" time="16.490" errors="0" timestamp="2023-10-08T20:09:53 IST" skipped="0">
  <testcase classname="pkg.PracticeTestAutomation" name="main" time="16.490"/>
</testsuite> <!-- pkg.PracticeTestAutomation -->
