<?xml version="1.0" encoding="UTF-8"?>
<!-- Generated by org.testng.reporters.JUnitReportReporter -->
<testsuite hostname="Sreehari" failures="0" tests="3" name="testng.TestNGgrouping" time="0.019" errors="0" timestamp="2023-09-20T13:23:38 IST" skipped="0">
  <testcase classname="testng.TestNGgrouping" name="main2" time="0.003"/>
  <testcase classname="testng.TestNGgrouping" name="main1" time="0.010"/>
  <testcase classname="testng.TestNGgrouping" name="main4" time="0.006"/>
</testsuite> <!-- testng.TestNGgrouping -->
